{"level":"debug","message":"No files were uploaded","timestamp":"2017-08-29T12:05:48.551Z"}
{"level":"debug","message":"File successfully stream","timestamp":"2017-08-29T12:23:15.884Z"}
{"level":"debug","message":"File successfully Download : test.csv","timestamp":"2017-08-29T12:23:15.898Z"}
{"level":"debug","message":"File successfully deleted : test.csv","timestamp":"2017-08-29T12:23:15.900Z"}
{"level":"debug","message":"File successfully stream","timestamp":"2017-08-29T12:48:54.664Z"}
{"level":"debug","message":"File successfully Download : test.csv","timestamp":"2017-08-29T12:48:54.674Z"}
{"level":"debug","message":"File successfully deleted : test.csv","timestamp":"2017-08-29T12:48:54.675Z"}
{"message":"stream Error","stack":"MultipleValidationErrors: There were 2 validation errors:\n* MissingRequiredParameter: Missing required key 'Bucket' in params\n* MissingRequiredParameter: Missing required key 'Key' in params\n    at ParamValidator.validate (/home/rajesh/development/cip-integration-layer/node-js/node_modules/aws-sdk/lib/param_validator.js:40:28)\n    at Request.VALIDATE_PARAMETERS (/home/rajesh/development/cip-integration-layer/node-js/node_modules/aws-sdk/lib/event_listeners.js:125:42)\n    at Request.callListeners (/home/rajesh/development/cip-integration-layer/node-js/node_modules/aws-sdk/lib/sequential_executor.js:105:20)\n    at callNextListener (/home/rajesh/development/cip-integration-layer/node-js/node_modules/aws-sdk/lib/sequential_executor.js:95:12)\n    at /home/rajesh/development/cip-integration-layer/node-js/node_modules/aws-sdk/lib/event_listeners.js:85:9\n    at finish (/home/rajesh/development/cip-integration-layer/node-js/node_modules/aws-sdk/lib/config.js:315:7)\n    at /home/rajesh/development/cip-integration-layer/node-js/node_modules/aws-sdk/lib/config.js:333:9\n    at Credentials.get (/home/rajesh/development/cip-integration-layer/node-js/node_modules/aws-sdk/lib/credentials.js:126:7)\n    at getAsyncCredentials (/home/rajesh/development/cip-integration-layer/node-js/node_modules/aws-sdk/lib/config.js:327:24)\n    at Config.getCredentials (/home/rajesh/development/cip-integration-layer/node-js/node_modules/aws-sdk/lib/config.js:347:9)","code":"MultipleValidationErrors","errors":[{"message":"Missing required key 'Bucket' in params","code":"MissingRequiredParameter","time":"2017-08-29T13:06:34.056Z"},{"message":"Missing required key 'Key' in params","code":"MissingRequiredParameter","time":"2017-08-29T13:06:34.056Z"}],"time":"2017-08-29T13:06:34.056Z","name":"MultipleValidationErrors","level":"debug","timestamp":"2017-08-29T13:06:34.060Z"}
{"level":"debug","message":"successfully upload file : test.csv","timestamp":"2017-08-30T06:02:05.585Z"}
{"level":"debug","message":"successfully upload file : test.csv","timestamp":"2017-08-30T07:29:43.335Z"}
{"message":"Error","stack":"Error: ENOENT: no such file or directory, open '/home/rajesh/development/cip-integration-layer/node-js/express-server/routes/raj/test.zip'","errno":-2,"code":"ENOENT","syscall":"open","path":"/home/rajesh/development/cip-integration-layer/node-js/express-server/routes/raj/test.zip","level":"debug","timestamp":"2017-08-30T08:56:14.321Z"}
{"message":"stream Error","stack":"NoSuchKey: The specified key does not exist.\n    at Request.extractError (/home/rajesh/development/cip-integration-layer/node-js/node_modules/aws-sdk/lib/services/s3.js:577:35)\n    at Request.callListeners (/home/rajesh/development/cip-integration-layer/node-js/node_modules/aws-sdk/lib/sequential_executor.js:105:20)\n    at Request.emit (/home/rajesh/development/cip-integration-layer/node-js/node_modules/aws-sdk/lib/sequential_executor.js:77:10)\n    at Request.emit (/home/rajesh/development/cip-integration-layer/node-js/node_modules/aws-sdk/lib/request.js:683:14)\n    at Request.transition (/home/rajesh/development/cip-integration-layer/node-js/node_modules/aws-sdk/lib/request.js:22:10)\n    at AcceptorStateMachine.runTo (/home/rajesh/development/cip-integration-layer/node-js/node_modules/aws-sdk/lib/state_machine.js:14:12)\n    at /home/rajesh/development/cip-integration-layer/node-js/node_modules/aws-sdk/lib/state_machine.js:26:10\n    at Request.<anonymous> (/home/rajesh/development/cip-integration-layer/node-js/node_modules/aws-sdk/lib/request.js:38:9)\n    at Request.<anonymous> (/home/rajesh/development/cip-integration-layer/node-js/node_modules/aws-sdk/lib/request.js:685:12)\n    at Request.callListeners (/home/rajesh/development/cip-integration-layer/node-js/node_modules/aws-sdk/lib/sequential_executor.js:115:18)","code":"NoSuchKey","region":null,"name":"NoSuchKey","time":"2017-08-30T09:02:43.348Z","requestId":"9FD03622D1728387","extendedRequestId":"5F0WmUjbr/DUDq9E172FDhnX98yR1+hHBj/xP3k4YR9dDHLiCY/oIK+taMfJhmy9+2RW/jZHNtI=","statusCode":404,"retryable":false,"retryDelay":57.284587003861496,"level":"debug","timestamp":"2017-08-30T09:02:43.358Z"}
{"message":"stream Error","stack":"NoSuchKey: The specified key does not exist.\n    at Request.extractError (/home/rajesh/development/cip-integration-layer/node-js/node_modules/aws-sdk/lib/services/s3.js:577:35)\n    at Request.callListeners (/home/rajesh/development/cip-integration-layer/node-js/node_modules/aws-sdk/lib/sequential_executor.js:105:20)\n    at Request.emit (/home/rajesh/development/cip-integration-layer/node-js/node_modules/aws-sdk/lib/sequential_executor.js:77:10)\n    at Request.emit (/home/rajesh/development/cip-integration-layer/node-js/node_modules/aws-sdk/lib/request.js:683:14)\n    at Request.transition (/home/rajesh/development/cip-integration-layer/node-js/node_modules/aws-sdk/lib/request.js:22:10)\n    at AcceptorStateMachine.runTo (/home/rajesh/development/cip-integration-layer/node-js/node_modules/aws-sdk/lib/state_machine.js:14:12)\n    at /home/rajesh/development/cip-integration-layer/node-js/node_modules/aws-sdk/lib/state_machine.js:26:10\n    at Request.<anonymous> (/home/rajesh/development/cip-integration-layer/node-js/node_modules/aws-sdk/lib/request.js:38:9)\n    at Request.<anonymous> (/home/rajesh/development/cip-integration-layer/node-js/node_modules/aws-sdk/lib/request.js:685:12)\n    at Request.callListeners (/home/rajesh/development/cip-integration-layer/node-js/node_modules/aws-sdk/lib/sequential_executor.js:115:18)","code":"NoSuchKey","region":null,"name":"NoSuchKey","time":"2017-08-30T09:03:35.767Z","requestId":"D6D6DA3B8CD46B13","extendedRequestId":"TOvDZcuVE2EL9p4BItyTH7MH+EjCw0+eH8iPVhk75LFtD3J8C68Q/K6PTW7O/ge0OUJbj/Yu3RI=","statusCode":404,"retryable":false,"retryDelay":69.08973021950256,"level":"debug","timestamp":"2017-08-30T09:03:35.770Z"}
{"message":"stream Error","stack":"NoSuchKey: The specified key does not exist.\n    at Request.extractError (/home/rajesh/development/cip-integration-layer/node-js/node_modules/aws-sdk/lib/services/s3.js:577:35)\n    at Request.callListeners (/home/rajesh/development/cip-integration-layer/node-js/node_modules/aws-sdk/lib/sequential_executor.js:105:20)\n    at Request.emit (/home/rajesh/development/cip-integration-layer/node-js/node_modules/aws-sdk/lib/sequential_executor.js:77:10)\n    at Request.emit (/home/rajesh/development/cip-integration-layer/node-js/node_modules/aws-sdk/lib/request.js:683:14)\n    at Request.transition (/home/rajesh/development/cip-integration-layer/node-js/node_modules/aws-sdk/lib/request.js:22:10)\n    at AcceptorStateMachine.runTo (/home/rajesh/development/cip-integration-layer/node-js/node_modules/aws-sdk/lib/state_machine.js:14:12)\n    at /home/rajesh/development/cip-integration-layer/node-js/node_modules/aws-sdk/lib/state_machine.js:26:10\n    at Request.<anonymous> (/home/rajesh/development/cip-integration-layer/node-js/node_modules/aws-sdk/lib/request.js:38:9)\n    at Request.<anonymous> (/home/rajesh/development/cip-integration-layer/node-js/node_modules/aws-sdk/lib/request.js:685:12)\n    at Request.callListeners (/home/rajesh/development/cip-integration-layer/node-js/node_modules/aws-sdk/lib/sequential_executor.js:115:18)","code":"NoSuchKey","region":null,"name":"NoSuchKey","time":"2017-08-30T09:11:42.583Z","requestId":"6026CD44BC83F3CC","extendedRequestId":"+VsFs+AGbfA2KnF00QCpiCeG4wjvmltgLAxSLW0xv/B8Zlnrcli7ag1xobxlyxx0FAFBiUVD4/4=","statusCode":404,"retryable":false,"retryDelay":4.8695159302569735,"level":"debug","timestamp":"2017-08-30T09:11:42.589Z"}
{"level":"debug","message":"File successfully stream","timestamp":"2017-08-30T09:13:27.699Z"}
{"level":"debug","message":"File successfully Download : test.zip","timestamp":"2017-08-30T09:13:27.710Z"}
{"level":"debug","message":"File successfully deleted : test.zip","timestamp":"2017-08-30T09:13:27.711Z"}
{"level":"debug","message":"File successfully stream","timestamp":"2017-08-30T09:13:27.957Z"}
{"level":"debug","message":"File successfully Download : test.zip","timestamp":"2017-08-30T09:13:27.966Z"}
{"level":"debug","message":"File successfully deleted : test.zip","timestamp":"2017-08-30T09:13:27.967Z"}
{"level":"debug","message":"File successfully stream","timestamp":"2017-08-30T09:15:27.948Z"}
{"level":"debug","message":"File successfully Download : test.zip","timestamp":"2017-08-30T09:15:27.965Z"}
{"level":"debug","message":"File successfully deleted : test.zip","timestamp":"2017-08-30T09:15:27.966Z"}
{"level":"debug","message":"File successfully stream","timestamp":"2017-08-30T09:24:36.217Z"}
{"level":"debug","message":"File successfully Download : test.zip","timestamp":"2017-08-30T09:24:36.238Z"}
{"level":"debug","message":"File successfully deleted : test.zip","timestamp":"2017-08-30T09:24:36.239Z"}
{"level":"debug","message":"successfully upload file : test.csv","timestamp":"2017-08-30T10:45:20.115Z"}
{"level":"debug","message":"successfully upload file : test.csv","timestamp":"2017-08-30T10:45:34.422Z"}
{"level":"debug","message":"File successfully stream","timestamp":"2017-08-30T10:47:09.039Z"}
{"level":"debug","message":"File successfully Download : test.zip","timestamp":"2017-08-30T10:47:09.050Z"}
{"level":"debug","message":"File successfully deleted : test.zip","timestamp":"2017-08-30T10:47:09.051Z"}
{"level":"debug","message":"error while uploading file : test.csv","timestamp":"2017-08-30T10:55:18.329Z"}
{"message":"Error","stack":"InvalidAccessKeyId: The AWS Access Key Id you provided does not exist in our records.\n    at Request.extractError (/home/rajesh/development/cip-integration-layer/node-js/node_modules/streaming-s3/node_modules/aws-sdk/lib/services/s3.js:322:35)\n    at Request.callListeners (/home/rajesh/development/cip-integration-layer/node-js/node_modules/streaming-s3/node_modules/aws-sdk/lib/sequential_executor.js:105:20)\n    at Request.emit (/home/rajesh/development/cip-integration-layer/node-js/node_modules/streaming-s3/node_modules/aws-sdk/lib/sequential_executor.js:77:10)\n    at Request.emit (/home/rajesh/development/cip-integration-layer/node-js/node_modules/streaming-s3/node_modules/aws-sdk/lib/request.js:595:14)\n    at Request.transition (/home/rajesh/development/cip-integration-layer/node-js/node_modules/streaming-s3/node_modules/aws-sdk/lib/request.js:21:10)\n    at AcceptorStateMachine.runTo (/home/rajesh/development/cip-integration-layer/node-js/node_modules/streaming-s3/node_modules/aws-sdk/lib/state_machine.js:14:12)\n    at /home/rajesh/development/cip-integration-layer/node-js/node_modules/streaming-s3/node_modules/aws-sdk/lib/state_machine.js:26:10\n    at Request.<anonymous> (/home/rajesh/development/cip-integration-layer/node-js/node_modules/streaming-s3/node_modules/aws-sdk/lib/request.js:37:9)\n    at Request.<anonymous> (/home/rajesh/development/cip-integration-layer/node-js/node_modules/streaming-s3/node_modules/aws-sdk/lib/request.js:597:12)\n    at Request.callListeners (/home/rajesh/development/cip-integration-layer/node-js/node_modules/streaming-s3/node_modules/aws-sdk/lib/sequential_executor.js:115:18)","code":"InvalidAccessKeyId","name":"InvalidAccessKeyId","time":"2017-08-30T10:55:18.326Z","statusCode":403,"retryable":false,"retryDelay":30,"level":"debug","timestamp":"2017-08-30T10:55:18.331Z"}
{"level":"debug","message":"error while uploading file : test.csv","timestamp":"2017-08-30T10:57:16.654Z"}
{"message":"Error","stack":"InvalidAccessKeyId: The AWS Access Key Id you provided does not exist in our records.\n    at Request.extractError (/home/rajesh/development/cip-integration-layer/node-js/node_modules/streaming-s3/node_modules/aws-sdk/lib/services/s3.js:322:35)\n    at Request.callListeners (/home/rajesh/development/cip-integration-layer/node-js/node_modules/streaming-s3/node_modules/aws-sdk/lib/sequential_executor.js:105:20)\n    at Request.emit (/home/rajesh/development/cip-integration-layer/node-js/node_modules/streaming-s3/node_modules/aws-sdk/lib/sequential_executor.js:77:10)\n    at Request.emit (/home/rajesh/development/cip-integration-layer/node-js/node_modules/streaming-s3/node_modules/aws-sdk/lib/request.js:595:14)\n    at Request.transition (/home/rajesh/development/cip-integration-layer/node-js/node_modules/streaming-s3/node_modules/aws-sdk/lib/request.js:21:10)\n    at AcceptorStateMachine.runTo (/home/rajesh/development/cip-integration-layer/node-js/node_modules/streaming-s3/node_modules/aws-sdk/lib/state_machine.js:14:12)\n    at /home/rajesh/development/cip-integration-layer/node-js/node_modules/streaming-s3/node_modules/aws-sdk/lib/state_machine.js:26:10\n    at Request.<anonymous> (/home/rajesh/development/cip-integration-layer/node-js/node_modules/streaming-s3/node_modules/aws-sdk/lib/request.js:37:9)\n    at Request.<anonymous> (/home/rajesh/development/cip-integration-layer/node-js/node_modules/streaming-s3/node_modules/aws-sdk/lib/request.js:597:12)\n    at Request.callListeners (/home/rajesh/development/cip-integration-layer/node-js/node_modules/streaming-s3/node_modules/aws-sdk/lib/sequential_executor.js:115:18)","code":"InvalidAccessKeyId","name":"InvalidAccessKeyId","time":"2017-08-30T10:57:16.650Z","statusCode":403,"retryable":false,"retryDelay":30,"level":"debug","timestamp":"2017-08-30T10:57:16.655Z"}
{"level":"debug","message":"error while uploading file : test.csv","timestamp":"2017-08-30T10:57:44.840Z"}
{"message":"Error","stack":"InvalidAccessKeyId: The AWS Access Key Id you provided does not exist in our records.\n    at Request.extractError (/home/rajesh/development/cip-integration-layer/node-js/node_modules/streaming-s3/node_modules/aws-sdk/lib/services/s3.js:322:35)\n    at Request.callListeners (/home/rajesh/development/cip-integration-layer/node-js/node_modules/streaming-s3/node_modules/aws-sdk/lib/sequential_executor.js:105:20)\n    at Request.emit (/home/rajesh/development/cip-integration-layer/node-js/node_modules/streaming-s3/node_modules/aws-sdk/lib/sequential_executor.js:77:10)\n    at Request.emit (/home/rajesh/development/cip-integration-layer/node-js/node_modules/streaming-s3/node_modules/aws-sdk/lib/request.js:595:14)\n    at Request.transition (/home/rajesh/development/cip-integration-layer/node-js/node_modules/streaming-s3/node_modules/aws-sdk/lib/request.js:21:10)\n    at AcceptorStateMachine.runTo (/home/rajesh/development/cip-integration-layer/node-js/node_modules/streaming-s3/node_modules/aws-sdk/lib/state_machine.js:14:12)\n    at /home/rajesh/development/cip-integration-layer/node-js/node_modules/streaming-s3/node_modules/aws-sdk/lib/state_machine.js:26:10\n    at Request.<anonymous> (/home/rajesh/development/cip-integration-layer/node-js/node_modules/streaming-s3/node_modules/aws-sdk/lib/request.js:37:9)\n    at Request.<anonymous> (/home/rajesh/development/cip-integration-layer/node-js/node_modules/streaming-s3/node_modules/aws-sdk/lib/request.js:597:12)\n    at Request.callListeners (/home/rajesh/development/cip-integration-layer/node-js/node_modules/streaming-s3/node_modules/aws-sdk/lib/sequential_executor.js:115:18)","code":"InvalidAccessKeyId","name":"InvalidAccessKeyId","time":"2017-08-30T10:57:44.838Z","statusCode":403,"retryable":false,"retryDelay":30,"level":"debug","timestamp":"2017-08-30T10:57:44.842Z"}
{"level":"debug","message":"error while uploading file : test.csv","timestamp":"2017-08-30T10:59:44.562Z"}
{"message":"Error","stack":"InvalidAccessKeyId: The AWS Access Key Id you provided does not exist in our records.\n    at Request.extractError (/home/rajesh/development/cip-integration-layer/node-js/node_modules/streaming-s3/node_modules/aws-sdk/lib/services/s3.js:322:35)\n    at Request.callListeners (/home/rajesh/development/cip-integration-layer/node-js/node_modules/streaming-s3/node_modules/aws-sdk/lib/sequential_executor.js:105:20)\n    at Request.emit (/home/rajesh/development/cip-integration-layer/node-js/node_modules/streaming-s3/node_modules/aws-sdk/lib/sequential_executor.js:77:10)\n    at Request.emit (/home/rajesh/development/cip-integration-layer/node-js/node_modules/streaming-s3/node_modules/aws-sdk/lib/request.js:595:14)\n    at Request.transition (/home/rajesh/development/cip-integration-layer/node-js/node_modules/streaming-s3/node_modules/aws-sdk/lib/request.js:21:10)\n    at AcceptorStateMachine.runTo (/home/rajesh/development/cip-integration-layer/node-js/node_modules/streaming-s3/node_modules/aws-sdk/lib/state_machine.js:14:12)\n    at /home/rajesh/development/cip-integration-layer/node-js/node_modules/streaming-s3/node_modules/aws-sdk/lib/state_machine.js:26:10\n    at Request.<anonymous> (/home/rajesh/development/cip-integration-layer/node-js/node_modules/streaming-s3/node_modules/aws-sdk/lib/request.js:37:9)\n    at Request.<anonymous> (/home/rajesh/development/cip-integration-layer/node-js/node_modules/streaming-s3/node_modules/aws-sdk/lib/request.js:597:12)\n    at Request.callListeners (/home/rajesh/development/cip-integration-layer/node-js/node_modules/streaming-s3/node_modules/aws-sdk/lib/sequential_executor.js:115:18)","code":"InvalidAccessKeyId","name":"InvalidAccessKeyId","time":"2017-08-30T10:59:44.561Z","statusCode":403,"retryable":false,"retryDelay":30,"level":"debug","timestamp":"2017-08-30T10:59:44.568Z"}
{"level":"debug","message":"error while uploading file : test.csv","timestamp":"2017-08-30T11:01:20.935Z"}
{"message":"Error","stack":"AccessDenied: Access Denied\n    at Request.extractError (/home/rajesh/development/cip-integration-layer/node-js/node_modules/streaming-s3/node_modules/aws-sdk/lib/services/s3.js:322:35)\n    at Request.callListeners (/home/rajesh/development/cip-integration-layer/node-js/node_modules/streaming-s3/node_modules/aws-sdk/lib/sequential_executor.js:105:20)\n    at Request.emit (/home/rajesh/development/cip-integration-layer/node-js/node_modules/streaming-s3/node_modules/aws-sdk/lib/sequential_executor.js:77:10)\n    at Request.emit (/home/rajesh/development/cip-integration-layer/node-js/node_modules/streaming-s3/node_modules/aws-sdk/lib/request.js:595:14)\n    at Request.transition (/home/rajesh/development/cip-integration-layer/node-js/node_modules/streaming-s3/node_modules/aws-sdk/lib/request.js:21:10)\n    at AcceptorStateMachine.runTo (/home/rajesh/development/cip-integration-layer/node-js/node_modules/streaming-s3/node_modules/aws-sdk/lib/state_machine.js:14:12)\n    at /home/rajesh/development/cip-integration-layer/node-js/node_modules/streaming-s3/node_modules/aws-sdk/lib/state_machine.js:26:10\n    at Request.<anonymous> (/home/rajesh/development/cip-integration-layer/node-js/node_modules/streaming-s3/node_modules/aws-sdk/lib/request.js:37:9)\n    at Request.<anonymous> (/home/rajesh/development/cip-integration-layer/node-js/node_modules/streaming-s3/node_modules/aws-sdk/lib/request.js:597:12)\n    at Request.callListeners (/home/rajesh/development/cip-integration-layer/node-js/node_modules/streaming-s3/node_modules/aws-sdk/lib/sequential_executor.js:115:18)","code":"AccessDenied","name":"AccessDenied","time":"2017-08-30T11:01:20.931Z","statusCode":403,"retryable":false,"retryDelay":30,"level":"debug","timestamp":"2017-08-30T11:01:20.936Z"}
{"level":"debug","message":"successfully upload file : test.csv","timestamp":"2017-08-30T12:29:38.003Z"}
{"level":"debug","message":"File successfully stream","timestamp":"2017-08-30T12:31:04.650Z"}
{"level":"debug","message":"File successfully Download : test.zip","timestamp":"2017-08-30T12:31:04.660Z"}
{"level":"debug","message":"File successfully deleted : test.zip","timestamp":"2017-08-30T12:31:04.661Z"}
{"level":"debug","message":"successfully upload file : test.csv","timestamp":"2017-08-31T09:32:24.541Z"}
{"level":"debug","message":"readdirSync","timestamp":"2017-08-31T11:44:58.810Z"}
{"level":"debug","message":"successfully upload file : test.csv","timestamp":"2017-08-31T11:45:05.357Z"}
{"level":"debug","message":"readdirSync","timestamp":"2017-08-31T11:49:38.137Z"}
{"level":"debug","message":"successfully upload file : test.csv","timestamp":"2017-08-31T11:49:44.523Z"}
{"level":"debug","message":"readdirSync","timestamp":"2017-08-31T11:54:59.465Z"}
{"level":"debug","message":"successfully upload file : test.csv","timestamp":"2017-08-31T11:55:07.360Z"}
{"level":"debug","message":"readdirSync","timestamp":"2017-09-01T06:32:36.029Z"}
{"level":"debug","message":"successfully upload file : test.zip","timestamp":"2017-09-01T06:32:44.927Z"}
{"level":"info","message":"successfully upload file : test.zip","timestamp":"2017-09-01T06:32:44.928Z"}
{"level":"info","message":"successfully upload file : test","timestamp":"2017-09-01T06:40:24.151Z"}
{"level":"debug","message":"readdirSync","timestamp":"2017-09-01T06:40:24.175Z"}
{"level":"debug","message":"successfully upload file : test.zip","timestamp":"2017-09-01T06:40:31.016Z"}
{"level":"info","message":"successfully upload file : test","timestamp":"2017-09-01T06:42:24.161Z"}
{"level":"debug","message":"readdirSync","timestamp":"2017-09-01T06:42:24.175Z"}
{"level":"debug","message":"successfully upload file : logs.log","timestamp":"2017-09-01T06:42:30.199Z"}
{"level":"debug","message":"successfully upload file : test.zip","timestamp":"2017-09-01T06:42:30.682Z"}
{"level":"info","message":"successfully upload file : test.zip","timestamp":"2017-09-01T06:48:05.747Z"}
{"level":"debug","message":"readdirSync","timestamp":"2017-09-01T06:48:05.750Z"}
{"level":"debug","message":"successfully upload file : test.zip","timestamp":"2017-09-01T06:48:13.861Z"}
{"level":"info","message":"successfully upload file : test.zip","timestamp":"2017-09-01T06:50:05.762Z"}
{"level":"debug","message":"readdirSync","timestamp":"2017-09-01T06:50:05.765Z"}
{"level":"debug","message":"successfully upload file : test.zip","timestamp":"2017-09-01T06:50:11.888Z"}
{"level":"debug","message":"successfully upload file : logs.log","timestamp":"2017-09-01T06:50:11.904Z"}
{"level":"info","message":"successfully upload file : test.zip","timestamp":"2017-09-01T07:06:46.677Z"}
{"level":"debug","message":"readdirSync","timestamp":"2017-09-01T07:06:46.680Z"}
{"level":"debug","message":"successfully upload file : test.zip","timestamp":"2017-09-01T07:06:54.633Z"}
{"level":"info","message":"successfully upload file : test.zip","timestamp":"2017-09-01T07:44:18.313Z"}
{"level":"debug","message":"readdirSync","timestamp":"2017-09-01T07:44:18.335Z"}
{"level":"debug","message":"successfully upload file : test.zip","timestamp":"2017-09-01T07:44:24.777Z"}
{"level":"debug","message":"successfully upload file : logs.log","timestamp":"2017-09-01T07:44:24.827Z"}
{"level":"info","message":"successfully upload file : test.zip","timestamp":"2017-09-01T07:46:18.330Z"}
{"level":"debug","message":"readdirSync","timestamp":"2017-09-01T07:46:18.347Z"}
{"level":"debug","message":"successfully upload file : test.zip","timestamp":"2017-09-01T07:46:26.770Z"}
{"level":"info","message":"successfully upload file : test.zip","timestamp":"2017-09-01T07:56:14.480Z"}
{"level":"debug","message":"readdirSync","timestamp":"2017-09-01T07:56:14.504Z"}
{"level":"debug","message":"successfully upload file : test.zip","timestamp":"2017-09-01T07:56:21.887Z"}
{"level":"info","message":"successfully upload file : test.zip","timestamp":"2017-09-01T07:59:11.844Z"}
{"level":"debug","message":"readdirSync","timestamp":"2017-09-01T07:59:11.871Z"}
{"level":"debug","message":"successfully upload file : test.zip","timestamp":"2017-09-01T07:59:19.062Z"}
{"message":"uploadCallBack","stack":"TypeError: setLogg.then is not a function\n    at /home/rajesh/development/cip-integration-layer/node-js/express-server/routes/routes.js:78:12\n    at Promise (<anonymous>)\n    at uploadCallBack (/home/rajesh/development/cip-integration-layer/node-js/express-server/routes/routes.js:76:10)\n    at /home/rajesh/development/cip-integration-layer/node-js/express-server/routes/routes.js:101:2\n    at Layer.handle [as handle_request] (/home/rajesh/development/cip-integration-layer/node-js/node_modules/express/lib/router/layer.js:95:5)\n    at next (/home/rajesh/development/cip-integration-layer/node-js/node_modules/express/lib/router/route.js:137:13)\n    at Immediate._onImmediate (/home/rajesh/development/cip-integration-layer/node-js/node_modules/multer/lib/make-middleware.js:53:37)\n    at runCallback (timers.js:785:20)\n    at tryOnImmediate (timers.js:743:5)\n    at processImmediate [as _immediateCallback] (timers.js:714:5)","level":"debug","timestamp":"2017-09-01T08:09:11.338Z"}
{"message":"uploadCallBack","stack":"TypeError: setLogg.then is not a function\n    at /home/rajesh/development/cip-integration-layer/node-js/express-server/routes/routes.js:78:12\n    at Promise (<anonymous>)\n    at uploadCallBack (/home/rajesh/development/cip-integration-layer/node-js/express-server/routes/routes.js:76:10)\n    at /home/rajesh/development/cip-integration-layer/node-js/express-server/routes/routes.js:101:2\n    at Layer.handle [as handle_request] (/home/rajesh/development/cip-integration-layer/node-js/node_modules/express/lib/router/layer.js:95:5)\n    at next (/home/rajesh/development/cip-integration-layer/node-js/node_modules/express/lib/router/route.js:137:13)\n    at Immediate._onImmediate (/home/rajesh/development/cip-integration-layer/node-js/node_modules/multer/lib/make-middleware.js:53:37)\n    at runCallback (timers.js:785:20)\n    at tryOnImmediate (timers.js:743:5)\n    at processImmediate [as _immediateCallback] (timers.js:714:5)","level":"debug","timestamp":"2017-09-01T08:09:49.352Z"}
{"level":"info","message":"successfully upload file : test.zip","timestamp":"2017-09-01T08:15:58.421Z"}
{"level":"debug","message":"readdirSync","timestamp":"2017-09-01T08:15:58.459Z"}
{"level":"debug","message":"successfully upload file : logs.log","timestamp":"2017-09-01T08:16:06.292Z"}
{"level":"debug","message":"successfully upload file : test.zip","timestamp":"2017-09-01T08:16:06.515Z"}
